2021-02-07T14:48:19+00:00 CRITICAL Maximum execution time of 120 seconds exceeded in E:\phpwebsite\cms63_g3\wordpress\wp-admin\includes\class-wp-posts-list-table.php on line 1960

2021-02-07T14:48:26+00:00 CRITICAL Maximum execution time of 120 seconds exceeded in E:\phpwebsite\cms63_g3\wordpress\wp-content\plugins\woocommerce\packages\woocommerce-blocks\src\StoreApi\Schemas\ErrorSchema.php on line 61

2021-02-07T14:48:26+00:00 CRITICAL Maximum execution time of 120 seconds exceeded in E:\phpwebsite\cms63_g3\wordpress\wp-content\plugins\woocommerce\packages\woocommerce-blocks\src\StoreApi\Schemas\ErrorSchema.php on line 61

2021-02-07T14:48:28+00:00 CRITICAL Maximum execution time of 120 seconds exceeded in E:\phpwebsite\cms63_g3\wordpress\wp-content\plugins\woocommerce\packages\woocommerce-blocks\src\StoreApi\Routes\ProductCategories.php on line 47

2021-02-07T14:48:30+00:00 CRITICAL Maximum execution time of 120 seconds exceeded in E:\phpwebsite\cms63_g3\wordpress\wp-content\plugins\woocommerce\packages\woocommerce-admin\src\API\DataDownloadIPs.php on line 10

2021-02-07T14:48:43+00:00 CRITICAL Maximum execution time of 120 seconds exceeded in E:\phpwebsite\cms63_g3\wordpress\wp-content\plugins\woocommerce\i18n\states.php on line 17

2021-02-07T14:55:57+00:00 CRITICAL Maximum execution time of 120 seconds exceeded in E:\phpwebsite\cms63_g3\wordpress\wp-includes\pomo\streams.php on line 153

2021-02-07T14:55:57+00:00 CRITICAL Maximum execution time of 120 seconds exceeded in E:\phpwebsite\cms63_g3\wordpress\wp-content\plugins\wp-cafe\widgets\manifest.php on line 5

2021-02-07T14:55:57+00:00 CRITICAL Maximum execution time of 120 seconds exceeded in E:\phpwebsite\cms63_g3\wordpress\wp-content\plugins\wp-cafe\widgets\manifest.php on line 5

2021-02-07T14:55:57+00:00 CRITICAL Maximum execution time of 120 seconds exceeded in E:\phpwebsite\cms63_g3\wordpress\wp-includes\pomo\streams.php on line 153

2021-02-07T14:55:57+00:00 CRITICAL Maximum execution time of 120 seconds exceeded in E:\phpwebsite\cms63_g3\wordpress\wp-content\plugins\wp-cafe\widgets\manifest.php on line 5

2021-02-07T14:55:57+00:00 CRITICAL Maximum execution time of 120 seconds exceeded in E:\phpwebsite\cms63_g3\wordpress\wp-content\plugins\wp-cafe\widgets\manifest.php on line 5

2021-02-07T14:55:57+00:00 CRITICAL Maximum execution time of 120 seconds exceeded in E:\phpwebsite\cms63_g3\wordpress\wp-content\themes\food-restro\inc\core.php on line 15

2021-02-07T14:56:00+00:00 CRITICAL Maximum execution time of 120 seconds exceeded in E:\phpwebsite\cms63_g3\wordpress\wp-content\themes\food-restro\inc\core.php on line 15

2021-02-07T14:56:00+00:00 CRITICAL Maximum execution time of 120 seconds exceeded in E:\phpwebsite\cms63_g3\wordpress\wp-content\themes\food-restro\inc\core.php on line 15

2021-02-07T14:56:01+00:00 CRITICAL Maximum execution time of 120 seconds exceeded in E:\phpwebsite\cms63_g3\wordpress\wp-includes\functions.php on line 6143

2021-02-07T14:56:02+00:00 CRITICAL Maximum execution time of 120 seconds exceeded in E:\phpwebsite\cms63_g3\wordpress\wp-content\plugins\woocommerce-services\classes\class-wc-connect-continents.php on line 3

2021-02-07T14:56:02+00:00 CRITICAL Maximum execution time of 120 seconds exceeded in E:\phpwebsite\cms63_g3\wordpress\wp-content\plugins\woocommerce-services\classes\class-wc-connect-continents.php on line 3

2021-02-07T14:56:02+00:00 CRITICAL Maximum execution time of 120 seconds exceeded in E:\phpwebsite\cms63_g3\wordpress\wp-content\plugins\woocommerce-services\classes\class-wc-connect-continents.php on line 3

2021-02-07T14:56:02+00:00 CRITICAL Maximum execution time of 120 seconds exceeded in E:\phpwebsite\cms63_g3\wordpress\wp-content\plugins\woocommerce-services\classes\class-wc-connect-continents.php on line 3

2021-02-07T14:56:03+00:00 CRITICAL Maximum execution time of 120 seconds exceeded in E:\phpwebsite\cms63_g3\wordpress\wp-admin\includes\plugin.php on line 336

2021-02-07T14:56:11+00:00 CRITICAL Maximum execution time of 120 seconds exceeded in E:\phpwebsite\cms63_g3\wordpress\wp-includes\wp-db.php on line 2056

2021-02-07T14:56:18+00:00 CRITICAL Maximum execution time of 120 seconds exceeded in E:\phpwebsite\cms63_g3\wordpress\wp-includes\blocks.php on line 190

2021-02-07T14:56:26+00:00 CRITICAL Maximum execution time of 120 seconds exceeded in E:\phpwebsite\cms63_g3\wordpress\wp-content\plugins\woocommerce\templates\single-product\add-to-cart\simple.php on line 20

2021-02-07T14:56:39+00:00 CRITICAL Maximum execution time of 120 seconds exceeded in E:\phpwebsite\cms63_g3\wordpress\wp-content\plugins\woocommerce\packages\woocommerce-admin\src\API\Reports\Taxes\Stats\Controller.php on line 10

2021-02-07T14:56:39+00:00 CRITICAL Maximum execution time of 120 seconds exceeded in E:\phpwebsite\cms63_g3\wordpress\wp-content\plugins\woocommerce\packages\woocommerce-admin\src\API\Reports\Taxes\Stats\Controller.php on line 10

2021-02-07T14:56:40+00:00 CRITICAL Maximum execution time of 120 seconds exceeded in E:\phpwebsite\cms63_g3\wordpress\wp-content\plugins\woocommerce\packages\woocommerce-admin\src\API\Reports\Coupons\Controller.php on line 10

2021-02-07T14:56:40+00:00 CRITICAL Maximum execution time of 120 seconds exceeded in E:\phpwebsite\cms63_g3\wordpress\wp-content\plugins\woocommerce\packages\woocommerce-admin\src\API\Reports\Stock\Controller.php on line 10

2021-02-07T14:56:42+00:00 CRITICAL Maximum execution time of 120 seconds exceeded in E:\phpwebsite\cms63_g3\wordpress\wp-content\plugins\woocommerce\packages\woocommerce-admin\src\API\Reports\Downloads\Controller.php on line 10

2021-02-07T14:57:20+00:00 CRITICAL Maximum execution time of 120 seconds exceeded in E:\phpwebsite\cms63_g3\wordpress\wp-content\plugins\woocommerce-services\classes\class-wc-rest-connect-subscriptions-controller.php on line 3

2021-02-07T14:57:42+00:00 CRITICAL Maximum execution time of 120 seconds exceeded in E:\phpwebsite\cms63_g3\wordpress\wp-content\plugins\woocommerce\packages\woocommerce-admin\src\API\Init.php on line 8

2021-02-07T14:58:11+00:00 CRITICAL Maximum execution time of 120 seconds exceeded in E:\phpwebsite\cms63_g3\wordpress\wp-includes\Requests\Transport\cURL.php on line 163

2021-02-07T14:58:14+00:00 CRITICAL Maximum execution time of 120 seconds exceeded in E:\phpwebsite\cms63_g3\wordpress\wp-includes\blocks.php on line 190

2021-02-07T14:58:14+00:00 CRITICAL Maximum execution time of 120 seconds exceeded in E:\phpwebsite\cms63_g3\wordpress\wp-includes\blocks.php on line 190

2021-02-07T14:58:14+00:00 CRITICAL Maximum execution time of 120 seconds exceeded in E:\phpwebsite\cms63_g3\wordpress\wp-includes\blocks.php on line 190

2021-02-07T14:58:14+00:00 CRITICAL Maximum execution time of 120 seconds exceeded in E:\phpwebsite\cms63_g3\wordpress\wp-includes\blocks.php on line 190

2021-02-07T14:58:18+00:00 CRITICAL Maximum execution time of 120 seconds exceeded in E:\phpwebsite\cms63_g3\wordpress\wp-includes\wp-db.php on line 2056

